<?xml version="1.0" encoding="UTF-8"?>
<!-- Generated by org.testng.reporters.JUnitReportReporter -->
<testsuite skipped="0" hostname="LAPTOP-JUVC7F3L" name="com.claimgenius.qa.testcases.Test_cases_on_multi_select_box" tests="6" failures="0" timestamp="2021-01-17T22:14:46 IST" time="3.403" errors="0">
  <testcase name="verify_multiselectbox_labeled_with_Selenium_Commands_is_present_on_webpage" time="0.136" classname="com.claimgenius.qa.testcases.Test_cases_on_multi_select_box"/>
  <system-out/>
  <testcase name="verify_multiselectbox_labeled_with_Selenium_Commands_is_Active" time="0.029" classname="com.claimgenius.qa.testcases.Test_cases_on_multi_select_box"/>
  <system-out/>
  <testcase name="get_total_counts_of_commands_present_in_selectbox_labeled_with_Selenium_Commands" time="0.241" classname="com.claimgenius.qa.testcases.Test_cases_on_multi_select_box"/>
  <system-out/>
  <testcase name="get_name_of_each_command_of_total_count_present_in_selectbox_labeled_with_Selenium_Commands" time="0.225" classname="com.claimgenius.qa.testcases.Test_cases_on_multi_select_box"/>
  <system-out/>
  <testcase name="select_any_particular_command_present_in_multiselectbox_labeled_with_Seenium_commands" time="0.235" classname="com.claimgenius.qa.testcases.Test_cases_on_multi_select_box"/>
  <system-out/>
  <testcase name="select_multiple_command_present_in_multiselectbox_labeled_with_Seenium_commands" time="2.537" classname="com.claimgenius.qa.testcases.Test_cases_on_multi_select_box"/>
  <system-out/>
</testsuite> <!-- com.claimgenius.qa.testcases.Test_cases_on_multi_select_box -->
