<?xml version="1.0" encoding="UTF-8"?>
<!-- Generated by org.testng.reporters.JUnitReportReporter -->
<testsuite skipped="0" hostname="LAPTOP-JUVC7F3L" name="com.claimgenius.qa.testcases.Test_cases_on_textbox" tests="4" failures="0" timestamp="2021-01-17T22:14:46 IST" time="5.985" errors="0">
  <testcase name="verify_user_able_to_enter_value_in_textbox_labeled_with_First_Name" time="2.297" classname="com.claimgenius.qa.testcases.Test_cases_on_textbox"/>
  <system-out/>
  <testcase name="verify_textbox_labeled_with_First_Name_is_enabled" time="0.114" classname="com.claimgenius.qa.testcases.Test_cases_on_textbox"/>
  <system-out/>
  <testcase name="verify_user_able_to_re_enter_value_in_textbox_labeled_with_First_Name" time="3.463" classname="com.claimgenius.qa.testcases.Test_cases_on_textbox"/>
  <system-out/>
  <testcase name="verify_textbox_labeled_with_First_Name_is_present" time="0.111" classname="com.claimgenius.qa.testcases.Test_cases_on_textbox"/>
  <system-out/>
</testsuite> <!-- com.claimgenius.qa.testcases.Test_cases_on_textbox -->
