<?xml version="1.0" encoding="UTF-8"?>
<!-- Generated by org.testng.reporters.JUnitReportReporter -->
<testsuite skipped="0" hostname="LAPTOP-JUVC7F3L" name="com.claimgenius.qa.testcases.Test_cases_on_radio_button" tests="5" failures="0" timestamp="2021-01-17T22:14:46 IST" time="0.910" errors="0">
  <testcase name="verify_radio_buttons_are_active_on_webpage" time="0.209" classname="com.claimgenius.qa.testcases.Test_cases_on_radio_button"/>
  <system-out/>
  <testcase name="verify_user_able_to_select_Radio_button_labeled_with_Male" time="0.328" classname="com.claimgenius.qa.testcases.Test_cases_on_radio_button"/>
  <system-out/>
  <testcase name="verify_user_able_to_select_Radio_button_labeled_with_Female" time="0.175" classname="com.claimgenius.qa.testcases.Test_cases_on_radio_button"/>
  <system-out/>
  <testcase name="get_labe_of_each_radio_button" time="0.065" classname="com.claimgenius.qa.testcases.Test_cases_on_radio_button"/>
  <system-out/>
  <testcase name="get_labe_of_each_radio_button_and_select_specific_one" time="0.133" classname="com.claimgenius.qa.testcases.Test_cases_on_radio_button"/>
  <system-out/>
</testsuite> <!-- com.claimgenius.qa.testcases.Test_cases_on_radio_button -->
