<?xml version="1.0" encoding="UTF-8"?>
<!-- Generated by org.testng.reporters.JUnitReportReporter -->
<testsuite skipped="0" hostname="LAPTOP-JUVC7F3L" name="com.claimgenius.qa.testcases.Test_cases_on_check_box" tests="4" failures="0" timestamp="2021-01-17T22:14:46 IST" time="0.684" errors="0">
  <testcase name="verify_checkboxes_labeled_with_profession_are_active_on_webpage" time="0.163" classname="com.claimgenius.qa.testcases.Test_cases_on_check_box"/>
  <system-out/>
  <testcase name="verify_checkboxe_labeled_with_Manual_Tester_is_selected" time="0.273" classname="com.claimgenius.qa.testcases.Test_cases_on_check_box"/>
  <system-out/>
  <testcase name="get_label_of_checkboxes_present_on_webpage" time="0.092" classname="com.claimgenius.qa.testcases.Test_cases_on_check_box"/>
  <system-out/>
  <testcase name="get_label_of_checkboxes_and_check_on_checkbox_label_with_Automation_Tester" time="0.156" classname="com.claimgenius.qa.testcases.Test_cases_on_check_box"/>
  <system-out/>
</testsuite> <!-- com.claimgenius.qa.testcases.Test_cases_on_check_box -->
