<?xml version="1.0" encoding="UTF-8"?>
<!-- Generated by org.testng.reporters.JUnitReportReporter -->
<testsuite skipped="0" hostname="LAPTOP-JUVC7F3L" name="com.claimgenius.qa.testcases.BrokenLink" tests="1" failures="0" timestamp="2021-01-17T22:14:46 IST" time="45.172" errors="0">
  <testcase name="verify_broken_link_on_web_page" time="45.172" classname="com.claimgenius.qa.testcases.BrokenLink"/>
  <system-out/>
</testsuite> <!-- com.claimgenius.qa.testcases.BrokenLink -->
