<?xml version="1.0" encoding="UTF-8"?>
<!-- Generated by org.testng.reporters.JUnitReportReporter -->
<testsuite skipped="0" hostname="LAPTOP-JUVC7F3L" name="com.claimgenius.qa.testcases.Test_cases_on_upload_button" tests="2" failures="0" timestamp="2021-01-17T22:14:46 IST" time="5.554" errors="0">
  <testcase name="verify_is_upload_button_active" time="0.049" classname="com.claimgenius.qa.testcases.Test_cases_on_upload_button"/>
  <system-out/>
  <testcase name="verify_user_able_to_upload_image" time="5.505" classname="com.claimgenius.qa.testcases.Test_cases_on_upload_button"/>
  <system-out/>
</testsuite> <!-- com.claimgenius.qa.testcases.Test_cases_on_upload_button -->
