<?xml version="1.0" encoding="UTF-8"?>
<!-- Generated by org.testng.reporters.JUnitReportReporter -->
<testsuite skipped="0" hostname="LAPTOP-JUVC7F3L" name="com.claimgenius.qa.testcases.Test_cases_on_dropdown" tests="5" failures="0" timestamp="2021-01-17T22:14:46 IST" time="1.185" errors="0">
  <testcase name="verify_selectbox_labeled_with_continents_is_present_on_webpage" time="0.148" classname="com.claimgenius.qa.testcases.Test_cases_on_dropdown"/>
  <system-out/>
  <testcase name="verify_selectbox_labeled_with_continents_is_active" time="0.036" classname="com.claimgenius.qa.testcases.Test_cases_on_dropdown"/>
  <system-out/>
  <testcase name="get_total_counts_of_Continents_present_in_selectbox_labeled_with_Continents" time="0.359" classname="com.claimgenius.qa.testcases.Test_cases_on_dropdown"/>
  <system-out/>
  <testcase name="get_name_of_total_counts_of_Continents_present_in_selectbox_labeled_with_Continents" time="0.294" classname="com.claimgenius.qa.testcases.Test_cases_on_dropdown"/>
  <system-out/>
  <testcase name="select_any_particular_Continent_present_in_selectbox_labeled_with_Continents" time="0.348" classname="com.claimgenius.qa.testcases.Test_cases_on_dropdown"/>
  <system-out/>
</testsuite> <!-- com.claimgenius.qa.testcases.Test_cases_on_dropdown -->
